<?xml version="1.0" encoding="UTF-8"?>
<!-- Generated by org.testng.reporters.JUnitXMLReporter -->
<testsuite ignored="19" hostname="Thanh2211" failures="1" tests="8" name="Test" time="18.509" errors="0" timestamp="2025-07-14T21:52:46 GMT+07:00">
  <testcase classname="tests.HomePageTest" name="verifyHomePageTitle" time="0.051"/>
  <testcase classname="tests.HomePageTest" name="verifyLogoIsDisplayed" time="0.051"/>
  <testcase classname="tests.HomePageTest" name="verifyNavbarItemsDisplayed" time="0.095"/>
  <testcase classname="tests.HomePageTest" name="verifyCarouselHasThreeSlides" time="0.014"/>
  <testcase classname="tests.HomePageTest" name="verifyCarouselIsDisplayed" time="0.019"/>
  <testcase classname="tests.HomePageTest" name="verifyCarouselAutoSlides" time="10.065">
    <failure type="org.openqa.selenium.TimeoutException" message="Expected condition failed: waiting for visibility of [[ChromeDriver: chrome on windows (a9d606cdc19d64c323ad7c38ee1930e0)] -&amp;gt; xpath: //img[@alt=&amp;apos;Second slide&amp;apos;]] (tried for 10 second(s) with 500 milliseconds interval)
Build info: version: &amp;apos;4.33.0&amp;apos;, revision: &amp;apos;2c6aaad03a&amp;apos;
System info: os.name: &amp;apos;Windows 11&amp;apos;, os.arch: &amp;apos;amd64&amp;apos;, os.version: &amp;apos;10.0&amp;apos;, java.version: &amp;apos;23.0.2&amp;apos;
Driver info: org.openqa.selenium.chrome.ChromeDriver
Capabilities {acceptInsecureCerts: false, browserName: chrome, browserVersion: 138.0.7204.101, chrome: {chromedriverVersion: 138.0.7204.94 (545025748884..., userDataDir: C:\Users\mrdon\AppData\Loca...}, fedcm:accounts: true, goog:chromeOptions: {debuggerAddress: localhost:54708}, networkConnectionEnabled: false, pageLoadStrategy: normal, platformName: windows, proxy: Proxy(), se:cdp: ws://localhost:54708/devtoo..., se:cdpVersion: 138.0.7204.101, setWindowRect: true, strictFileInteractability: false, timeouts: {implicit: 0, pageLoad: 300000, script: 30000}, unhandledPromptBehavior: dismiss and notify, webauthn:extension:credBlob: true, webauthn:extension:largeBlob: true, webauthn:extension:minPinLength: true, webauthn:extension:prf: true, webauthn:virtualAuthenticators: true}
Session ID: a9d606cdc19d64c323ad7c38ee1930e0">
      <![CDATA[org.openqa.selenium.TimeoutException: Expected condition failed: waiting for visibility of [[ChromeDriver: chrome on windows (a9d606cdc19d64c323ad7c38ee1930e0)] -> xpath: //img[@alt='Second slide']] (tried for 10 second(s) with 500 milliseconds interval)
Build info: version: '4.33.0', revision: '2c6aaad03a'
System info: os.name: 'Windows 11', os.arch: 'amd64', os.version: '10.0', java.version: '23.0.2'
Driver info: org.openqa.selenium.chrome.ChromeDriver
Capabilities {acceptInsecureCerts: false, browserName: chrome, browserVersion: 138.0.7204.101, chrome: {chromedriverVersion: 138.0.7204.94 (545025748884..., userDataDir: C:\Users\mrdon\AppData\Loca...}, fedcm:accounts: true, goog:chromeOptions: {debuggerAddress: localhost:54708}, networkConnectionEnabled: false, pageLoadStrategy: normal, platformName: windows, proxy: Proxy(), se:cdp: ws://localhost:54708/devtoo..., se:cdpVersion: 138.0.7204.101, setWindowRect: true, strictFileInteractability: false, timeouts: {implicit: 0, pageLoad: 300000, script: 30000}, unhandledPromptBehavior: dismiss and notify, webauthn:extension:credBlob: true, webauthn:extension:largeBlob: true, webauthn:extension:minPinLength: true, webauthn:extension:prf: true, webauthn:virtualAuthenticators: true}
Session ID: a9d606cdc19d64c323ad7c38ee1930e0
at org.openqa.selenium.support.ui.WebDriverWait.timeoutException(WebDriverWait.java:84)
at org.openqa.selenium.support.ui.FluentWait.until(FluentWait.java:228)
at pages.HomePage.carouselAutoSlides(HomePage.java:188)
at tests.HomePageTest.verifyCarouselAutoSlides(HomePageTest.java:60)
at java.base/java.util.ArrayList.forEach(ArrayList.java:1597)
... Removed 25 stack frames]]>
    </failure>
  </testcase> <!-- verifyCarouselAutoSlides -->
  <testcase classname="tests.HomePageTest" name="verifyClickNextOnCarousel" time="1.18"/>
  <testcase classname="tests.HomePageTest" name="verifyClickPrevOnCarousel" time="1.2"/>
  <testcase classname="tests.HomePageTest" name="verifyFilterLaptops" time="0.0">
    <ignored/>
  </testcase> <!-- verifyFilterLaptops -->
  <testcase classname="tests.HomePageTest" name="verifyDeleteProductFromCart" time="0.0">
    <ignored/>
  </testcase> <!-- verifyDeleteProductFromCart -->
  <testcase classname="tests.SignUpTest" name="verifySignUp" time="0.0">
    <ignored/>
  </testcase> <!-- verifySignUp -->
  <testcase classname="tests.HomePageTest" name="verifyContactPopup" time="0.0">
    <ignored/>
  </testcase> <!-- verifyContactPopup -->
  <testcase classname="tests.HomePageTest" name="verifyCheckOutSuccessful" time="0.0">
    <ignored/>
  </testcase> <!-- verifyCheckOutSuccessful -->
  <testcase classname="tests.HomePageTest" name="verifyProductListIsVisible" time="0.0">
    <ignored/>
  </testcase> <!-- verifyProductListIsVisible -->
  <testcase classname="tests.HomePageTest" name="verifySignUpPopup" time="0.0">
    <ignored/>
  </testcase> <!-- verifySignUpPopup -->
  <testcase classname="tests.ContactPageTest" name="verifyInputContact" time="0.0">
    <ignored/>
  </testcase> <!-- verifyInputContact -->
  <testcase classname="tests.HomePageTest" name="verifyCartPageNavigation" time="0.0">
    <ignored/>
  </testcase> <!-- verifyCartPageNavigation -->
  <testcase classname="tests.AboutUsPageTest" name="verifyOpenAndClose" time="0.0">
    <ignored/>
  </testcase> <!-- verifyOpenAndClose -->
  <testcase classname="tests.HomePageTest" name="verifyNextPageNavigation" time="0.0">
    <ignored/>
  </testcase> <!-- verifyNextPageNavigation -->
  <testcase classname="tests.HomePageTest" name="verifyAboutUsPopup" time="0.0">
    <ignored/>
  </testcase> <!-- verifyAboutUsPopup -->
  <testcase classname="tests.HomePageTest" name="verifyAddtoCart" time="0.0">
    <ignored/>
  </testcase> <!-- verifyAddtoCart -->
  <testcase classname="tests.HomePageTest" name="verifyPrevPageNavigation" time="0.0">
    <ignored/>
  </testcase> <!-- verifyPrevPageNavigation -->
  <testcase classname="tests.HomePageTest" name="verifyLoginPopup" time="0.0">
    <ignored/>
  </testcase> <!-- verifyLoginPopup -->
  <testcase classname="tests.HomePageTest" name="verifyProductDetailNavigation" time="0.0">
    <ignored/>
  </testcase> <!-- verifyProductDetailNavigation -->
  <testcase classname="tests.HomePageTest" name="verifyFilterMonitors" time="0.0">
    <ignored/>
  </testcase> <!-- verifyFilterMonitors -->
  <testcase classname="tests.HomePageTest" name="verifyFilterPhones" time="0.0">
    <ignored/>
  </testcase> <!-- verifyFilterPhones -->
  <testcase classname="tests.LogInTest" name="verifyLogin" time="0.0">
    <ignored/>
  </testcase> <!-- verifyLogin -->
</testsuite> <!-- Test -->
